<?xml version="1.0" encoding="UTF-8"?>
<testng-results ignored="0" total="1" passed="1" failed="0" skipped="0">
  <reporter-output>
  </reporter-output>
  <suite started-at="2025-07-19T21:50:05 IST" name="Default suite" finished-at="2025-07-19T21:51:15 IST" duration-ms="70261">
    <groups>
    </groups>
    <test started-at="2025-07-19T21:50:05 IST" name="Default test" finished-at="2025-07-19T21:51:15 IST" duration-ms="70261">
      <class name="practiceSelenium.ChkBoxSelectionInTable">
        <test-method signature="BoxSelectionInTable()[pri:0, instance:practiceSelenium.ChkBoxSelectionInTable@581ac8a8]" started-at="2025-07-19T21:50:05 IST" name="BoxSelectionInTable" finished-at="2025-07-19T21:51:15 IST" duration-ms="70193" status="PASS">
          <reporter-output>
          </reporter-output>
        </test-method> <!-- BoxSelectionInTable -->
      </class> <!-- practiceSelenium.ChkBoxSelectionInTable -->
    </test> <!-- Default test -->
  </suite> <!-- Default suite -->
</testng-results>
