<?xml version="1.0" encoding="UTF-8"?>
<testng-results ignored="0" total="1" passed="1" failed="0" skipped="0">
  <reporter-output>
  </reporter-output>
  <suite started-at="2025-07-11T10:57:19 IST" name="Default suite" finished-at="2025-07-11T10:57:35 IST" duration-ms="15467">
    <groups>
    </groups>
    <test started-at="2025-07-11T10:57:19 IST" name="Default test" finished-at="2025-07-11T10:57:35 IST" duration-ms="15467">
      <class name="practiceSelenium.JavaScriptAlerts">
        <test-method signature="alertPractice()[pri:0, instance:practiceSelenium.JavaScriptAlerts@581ac8a8]" started-at="2025-07-11T10:57:19 IST" name="alertPractice" finished-at="2025-07-11T10:57:35 IST" duration-ms="15401" status="PASS">
          <reporter-output>
          </reporter-output>
        </test-method> <!-- alertPractice -->
      </class> <!-- practiceSelenium.JavaScriptAlerts -->
    </test> <!-- Default test -->
  </suite> <!-- Default suite -->
</testng-results>
